<?xml version="1.0" encoding="UTF-8"?>
<!-- Generated by org.testng.reporters.JUnitReportReporter -->
<testsuite skipped="0" hostname="CDC2-D-CLTTXJ2" name="com.tests.NewTest2" tests="1" failures="0" timestamp="10 Jan 2019 07:04:39 GMT" time="11.273" errors="0">
  <testcase name="launchChrome" time="11.273" classname="com.tests.NewTest2"/>
</testsuite> <!-- com.tests.NewTest2 -->
